\BOOKMARK [1][-]{section.1}{\376\377\000U\000v\000o\000d}{}% 1
\BOOKMARK [1][-]{section.2}{\376\377\000I\000z\000a\000z\000o\000v\000i\000\040\000u\000\040\000u\001\015\000e\000n\000j\000u\000\040\000p\000r\000o\000g\000r\000a\000m\000s\000k\000i\000h\000\040\000j\000e\000z\000i\000k\000a}{}% 2
\BOOKMARK [2][-]{subsection.2.1}{\376\377\000U\000t\000i\000c\000a\000j\000\040\000p\000r\000o\000g\000r\000a\000m\000s\000k\000i\000h\000\040\000p\000a\000r\000a\000d\000i\000g\000m\000i\000\040\000n\000a\000\040\000p\000r\000o\000c\000e\000s\000\040\000u\001\015\000e\000n\000j\000a}{section.2}% 3
\BOOKMARK [2][-]{subsection.2.2}{\376\377\000U\000l\000o\000g\000a\000\040\000s\000t\000i\000l\000a\000\040\000u\001\015\000e\000n\000j\000a\000\040\000i\000\040\000i\000z\000v\000o\000r\000a\000\040\000z\000n\000a\000n\000j\000a}{section.2}% 4
\BOOKMARK [2][-]{subsection.2.3}{\376\377\000Z\000a\000v\000r\001\141\000n\000a\000\040\000r\000a\000z\000m\000a\000t\000r\000a\000n\000j\000a}{section.2}% 5
\BOOKMARK [1][-]{section.3}{\376\377\000A\000n\000a\000l\000i\000z\000a\000\040\000a\000n\000k\000e\000t\000e}{}% 6
\BOOKMARK [2][-]{subsection.3.1}{\376\377\000P\000r\000e\000g\000l\000e\000d\000\040\000o\000s\000n\000o\000v\000n\000i\000h\000\040\000p\000o\000d\000a\000t\000a\000k\000a\000\040\000o\000\040\000i\000s\000p\000i\000t\000a\000n\000i\000c\000i\000m\000a}{section.3}% 7
\BOOKMARK [2][-]{subsection.3.2}{\376\377\000S\000t\000r\000a\000t\000e\000g\000i\000j\000e\000\040\000u\001\015\000e\000n\000j\000a\000\040\000i\000\040\000n\000j\000i\000h\000o\000v\000a\000\040\000e\000f\000i\000k\000a\000s\000n\000o\000s\000t}{section.3}% 8
\BOOKMARK [2][-]{subsection.3.3}{\376\377\000B\000a\000r\000i\000j\000e\000r\000e\000\040\000i\000\040\000i\000z\000a\000z\000o\000v\000i\000\040\000u\000\040\000u\001\015\000e\000n\000j\000u\000\040\000n\000o\000v\000i\000h\000\040\000p\000r\000o\000g\000r\000a\000m\000s\000k\000i\000h\000\040\000j\000e\000z\000i\000k\000a}{section.3}% 9
\BOOKMARK [2][-]{subsection.3.4}{\376\377\000S\000t\000a\000t\000i\000s\000t\000i\001\015\000k\000a\000\040\000a\000n\000a\000l\000i\000z\000a}{section.3}% 10
\BOOKMARK [3][-]{subsubsection.3.4.1}{\376\377\000K\000o\000l\000i\000k\000o\000\040\000p\000a\000r\000a\000d\000i\000g\000m\000i\000\040\000p\000o\000z\000n\000a\000j\000e\000m\000\040\040\023\000\040\000t\000o\000l\000i\000k\000o\000\040\000v\000r\000e\000d\000i\000m}{subsection.3.4}% 11
\BOOKMARK [3][-]{subsubsection.3.4.2}{\376\377\000Z\000n\000a\000m\000\040\000d\000a\000\040\000n\000i\001\141\000t\000a\000\040\000n\000e\000\040\000z\000n\000a\000m\000\040\000/\000\040\000N\000e\000\040\000z\000n\000a\000m\000\040\000d\000a\000\040\000n\000i\001\141\000t\000a\000\040\000n\000e\000\040\000z\000n\000a\000m}{subsection.3.4}% 12
\BOOKMARK [3][-]{subsubsection.3.4.3}{\376\377\000V\000i\001\141\000e\000\040\000j\000e\000\040\000b\000o\000l\000j\000e}{subsection.3.4}% 13
\BOOKMARK [3][-]{subsubsection.3.4.4}{\376\377\000I\000\040\000t\000e\000o\000r\000i\000j\000a\000\040\000i\000\040\000p\000r\000a\000k\000s\000a}{subsection.3.4}% 14
\BOOKMARK [1][-]{section.4}{\376\377\000I\000n\000f\000o\000r\000m\000a\000c\000i\000j\000e\000\040\000p\000r\000i\000k\000u\000p\000l\000j\000e\000n\000e\000\040\000p\000i\000t\000a\000n\000j\000i\000m\000a\000\040\000o\000t\000v\000o\000r\000e\000n\000o\000g\000\040\000k\000a\000r\000a\000k\000t\000e\000r\000a}{}% 15
\BOOKMARK [2][-]{subsection.4.1}{\376\377\000R\000a\000z\000u\000m\000e\000v\000a\000n\000j\000e\000\040\000p\000a\000r\000a\000d\000i\000g\000m\000i\000\040\000i\000\040\000a\000l\000g\000o\000r\000i\000t\000a\000m\000a\000\040\000j\000e\000\040\000v\000a\001\176\000n\000i\000j\000e\000\040\000o\000d\000\040\000s\000a\000m\000o\000g\000\040\000j\000e\000z\000i\000k\000a}{section.4}% 16
\BOOKMARK [2][-]{subsection.4.2}{\376\377\000I\000n\000t\000e\000n\000z\000i\000v\000n\000o\000\040\000p\000i\000s\000a\000n\000j\000e\000\040\000k\000o\000d\000a\000\040\000k\000a\000o\000\040\000o\000s\000n\000o\000v\000n\000i\000\040\000m\000e\000h\000a\000n\000i\000z\000a\000m\000\040\000u\001\015\000e\000n\000j\000a}{section.4}% 17
\BOOKMARK [2][-]{subsection.4.3}{\376\377\000U\001\015\000e\000n\000j\000e\000\040\000k\000r\000o\000z\000\040\000p\000o\000z\000n\000a\000t\000e\000\040\000z\000a\000d\000a\000t\000k\000e\000\040\000u\000\040\000n\000o\000v\000o\000m\000\040\000j\000e\000z\000i\000k\000u}{section.4}% 18
\BOOKMARK [2][-]{subsection.4.4}{\376\377\000N\000e\000\040\000p\000o\000s\000t\000o\000j\000i\000\040\000u\000n\000i\000v\000e\000r\000z\000a\000l\000n\000a\000\040\000s\000t\000r\000a\000t\000e\000g\000i\000j\000a\000\040\000u\001\015\000e\000n\000j\000a}{section.4}% 19
\BOOKMARK [2][-]{subsection.4.5}{\376\377\000S\000t\000r\000p\000l\000j\000e\000n\000j\000e\000,\000\040\000v\000r\000e\000m\000e\000\040\000i\000\040\000k\000o\000n\000t\000i\000n\000u\000i\000t\000e\000t\000\040\000k\000a\000o\000\040\000k\000l\000j\000u\001\015\000n\000i\000\040\000f\000a\000k\000t\000o\000r\000i}{section.4}% 20
\BOOKMARK [1][-]{section.5}{\376\377\000Z\000a\000k\000l\000j\000u\001\015\000a\000k}{}% 21
\BOOKMARK [1][-]{section.5}{\376\377\000L\000i\000t\000e\000r\000a\000t\000u\000r\000a}{}% 22
